<?xml version="1.0" encoding="UTF-8"?>
<testsuite name="com.gildedrose.TestGildedRose" tests="1" skipped="0" failures="0" errors="0" timestamp="2021-09-20T08:38:32" hostname="LAPTOP-IJUNU5KP" time="0.019">
  <properties/>
  <testcase name="ObjectCreationTest()" classname="com.gildedrose.TestGildedRose" time="0.019"/>
  <system-out><![CDATA[]]></system-out>
  <system-err><![CDATA[]]></system-err>
</testsuite>
