<?xml version="1.0" encoding="UTF-8"?>
<testsuite name="com.gildedrose.TestGildedRose" tests="9" skipped="0" failures="0" errors="0" timestamp="2021-10-27T20:06:03" hostname="LAPTOP-IJUNU5KP" time="0.03">
  <properties/>
  <testcase name="ObjectTestSulfuras()" classname="com.gildedrose.TestGildedRose" time="0.004"/>
  <testcase name="ObjectTestBackstageQualityIncrease()" classname="com.gildedrose.TestGildedRose" time="0.001"/>
  <testcase name="ObjectTestConjured()" classname="com.gildedrose.TestGildedRose" time="0.001"/>
  <testcase name="OtherObjectTest()" classname="com.gildedrose.TestGildedRose" time="0.001"/>
  <testcase name="ObjectTestBackstageQualityMax()" classname="com.gildedrose.TestGildedRose" time="0.001"/>
  <testcase name="ObjectTestAgedQualityIncrease()" classname="com.gildedrose.TestGildedRose" time="0.001"/>
  <testcase name="ObjectTestAgedAddQualityWhenExpired()" classname="com.gildedrose.TestGildedRose" time="0.0"/>
  <testcase name="ToStringTest()" classname="com.gildedrose.TestGildedRose" time="0.014"/>
  <testcase name="ObjectTestBackstageQualityNull()" classname="com.gildedrose.TestGildedRose" time="0.001"/>
  <system-out><![CDATA[]]></system-out>
  <system-err><![CDATA[]]></system-err>
</testsuite>
